<?xml version="1.0" encoding="UTF-8"?>
<testsuite name="models.TaskTest" tests="4" skipped="0" failures="0" errors="0" timestamp="2019-09-14T11:39:57" hostname="wecode-HP-280-G2-MT-Non-Legacy" time="0.02">
  <properties/>
  <testcase name="TaskInstantiatesWithDescription_true" classname="models.TaskTest" time="0.019"/>
  <testcase name="isCompletedPropertyIsFalseAfterInstantiation" classname="models.TaskTest" time="0.0"/>
  <testcase name="NewTaskObjectGetsCorrectlyCreated_true" classname="models.TaskTest" time="0.0"/>
  <testcase name="getCreatedAtInstantiatesWithCurrentTimeToday" classname="models.TaskTest" time="0.001"/>
  <system-out><![CDATA[]]></system-out>
  <system-err><![CDATA[]]></system-err>
</testsuite>
